<?xml version="1.0" encoding="UTF-8"?>
<!-- Generated by org.testng.reporters.JUnitXMLReporter -->
<testsuite ignored="0" hostname="RENUKA" failures="0" tests="4" name="Default test" time="9.99" errors="0" timestamp="2025-07-19T16:41:14 IST">
  <testcase classname="TestNGusage.HRM" name="openapp" time="3.758"/>
  <testcase classname="TestNGusage.HRM" name="testlogo" time="5.558"/>
  <testcase classname="TestNGusage.HRM" name="login" time="0.342"/>
  <testcase classname="TestNGusage.HRM" name="closeapp" time="0.264"/>
</testsuite> <!-- Default test -->
