<?xml version="1.0" encoding="UTF-8"?>
<!-- Generated by org.testng.reporters.JUnitXMLReporter -->
<testsuite ignored="0" hostname="RENUKA" failures="0" tests="4" name="Default test" time="14.168" errors="0" timestamp="2025-08-08T16:34:12 IST">
  <testcase classname="TestNGusage.HRM" name="openapp" time="3.469"/>
  <testcase classname="TestNGusage.HRM" name="testlogo" time="10.088"/>
  <testcase classname="TestNGusage.HRM" name="login" time="0.338"/>
  <testcase classname="TestNGusage.HRM" name="closeapp" time="0.23"/>
</testsuite> <!-- Default test -->
