<?xml version="1.0" encoding="UTF-8"?>
<!-- Generated by org.testng.reporters.JUnitXMLReporter -->
<testsuite ignored="6" hostname="RENUKA" failures="0" tests="2" name="groupinTest" time="0.076" errors="0" timestamp="2025-08-08T16:26:39 IST">
  <testcase classname="day3.PaymentsTests" name="PaymentinRupee" time="0.013"/>
  <testcase classname="day3.PaymentsTests" name="PaymentsinDoller" time="0.003"/>
  <testcase classname="day3.loginTests" name="loginbyFacebook" time="0.0">
    <ignored/>
  </testcase> <!-- loginbyFacebook -->
  <testcase classname="day3.SignUpTests" name="SignUpbyFacebook" time="0.0">
    <ignored/>
  </testcase> <!-- SignUpbyFacebook -->
  <testcase classname="day3.loginTests" name="loginbyTwitter" time="0.0">
    <ignored/>
  </testcase> <!-- loginbyTwitter -->
  <testcase classname="day3.SignUpTests" name="SignUpbyEmail" time="0.0">
    <ignored/>
  </testcase> <!-- SignUpbyEmail -->
  <testcase classname="day3.loginTests" name="loginbyEmail" time="0.0">
    <ignored/>
  </testcase> <!-- loginbyEmail -->
  <testcase classname="day3.SignUpTests" name="SignUpbyTwitter" time="0.0">
    <ignored/>
  </testcase> <!-- SignUpbyTwitter -->
</testsuite> <!-- groupinTest -->
