<?xml version="1.0" encoding="UTF-8"?>
<!-- Generated by org.testng.reporters.JUnitXMLReporter -->
<testsuite ignored="0" hostname="RENUKA" failures="0" tests="7" name="Test" time="17.833" errors="0" timestamp="2025-07-19T21:47:25 IST">
  <testcase classname="TestNGusage.HRM" name="openapp" time="7.114"/>
  <testcase classname="TestNGusage.HRM" name="testlogo" time="10.042"/>
  <testcase classname="TestNGusage.HRM" name="login" time="0.222"/>
  <testcase classname="TestNGusage.HRM" name="closeapp" time="0.366"/>
  <testcase classname="TestNGusage.FirstTestCase" name="openapp" time="0.002"/>
  <testcase classname="TestNGusage.FirstTestCase" name="login" time="0.0"/>
  <testcase classname="TestNGusage.FirstTestCase" name="logout" time="0.002"/>
</testsuite> <!-- Test -->
