<?xml version="1.0" encoding="UTF-8"?>
<!-- Generated by org.testng.reporters.JUnitXMLReporter -->
<testsuite ignored="0" hostname="RENUKA" failures="0" tests="7" name="my test" time="14.805" errors="0" timestamp="2025-07-19T21:42:34 IST">
  <testcase classname="TestNGusage.FirstTestCase" name="openapp" time="0.014"/>
  <testcase classname="TestNGusage.FirstTestCase" name="login" time="0.002"/>
  <testcase classname="TestNGusage.FirstTestCase" name="logout" time="0.002"/>
  <testcase classname="TestNGusage.HRM" name="openapp" time="4.016"/>
  <testcase classname="TestNGusage.HRM" name="testlogo" time="10.082"/>
  <testcase classname="TestNGusage.HRM" name="login" time="0.227"/>
  <testcase classname="TestNGusage.HRM" name="closeapp" time="0.389"/>
</testsuite> <!-- my test -->
