<?xml version="1.0" encoding="UTF-8"?>
<testng-results ignored="0" total="1" passed="1" failed="0" skipped="0">
  <reporter-output>
  </reporter-output>
  <suite started-at="2025-07-21T15:28:20 IST" name="Suite" finished-at="2025-07-21T15:28:29 IST" duration-ms="9279">
    <groups>
    </groups>
    <test started-at="2025-07-21T15:28:20 IST" name="Test" finished-at="2025-07-21T15:28:29 IST" duration-ms="9279">
      <class name="day4.LoginTest">
        <test-method is-config="true" signature="setUp()[pri:0, instance:day4.LoginTest@606e4010]" started-at="2025-07-21T15:28:20 IST" name="setUp" finished-at="2025-07-21T15:28:26 IST" duration-ms="6396" status="PASS">
          <reporter-output>
          </reporter-output>
        </test-method> <!-- setUp -->
        <test-method signature="testLogin()[pri:0, instance:day4.LoginTest@606e4010]" started-at="2025-07-21T15:28:26 IST" name="testLogin" finished-at="2025-07-21T15:28:29 IST" duration-ms="2667" status="PASS">
          <reporter-output>
          </reporter-output>
        </test-method> <!-- testLogin -->
        <test-method is-config="true" signature="terDown()[pri:0, instance:day4.LoginTest@606e4010]" started-at="2025-07-21T15:28:29 IST" name="terDown" finished-at="2025-07-21T15:28:29 IST" duration-ms="181" status="PASS">
          <reporter-output>
          </reporter-output>
        </test-method> <!-- terDown -->
      </class> <!-- day4.LoginTest -->
    </test> <!-- Test -->
  </suite> <!-- Suite -->
</testng-results>
